C:\USERS\CHENGBIN\DESKTOP\POLYHEDRONGRAVITY\POLYHEDRONGRAVITY\DEBUG\BODY.OBJ
C:\USERS\CHENGBIN\DESKTOP\POLYHEDRONGRAVITY\POLYHEDRONGRAVITY\DEBUG\GRAVITY.OBJ
C:\USERS\CHENGBIN\DESKTOP\POLYHEDRONGRAVITY\POLYHEDRONGRAVITY\DEBUG\KINEMATICS.OBJ
C:\USERS\CHENGBIN\DESKTOP\POLYHEDRONGRAVITY\POLYHEDRONGRAVITY\DEBUG\MAIN.OBJ
C:\USERS\CHENGBIN\DESKTOP\POLYHEDRONGRAVITY\POLYHEDRONGRAVITY\DEBUG\MAT3D.OBJ
C:\USERS\CHENGBIN\DESKTOP\POLYHEDRONGRAVITY\POLYHEDRONGRAVITY\DEBUG\POINTS.OBJ
C:\USERS\CHENGBIN\DESKTOP\POLYHEDRONGRAVITY\POLYHEDRONGRAVITY\DEBUG\VC110.PDB
C:\USERS\CHENGBIN\DESKTOP\POLYHEDRONGRAVITY\DEBUG\POLYHEDRONGRAVITY.ILK
C:\USERS\CHENGBIN\DESKTOP\POLYHEDRONGRAVITY\DEBUG\POLYHEDRONGRAVITY.EXE
C:\USERS\CHENGBIN\DESKTOP\POLYHEDRONGRAVITY\DEBUG\POLYHEDRONGRAVITY.PDB
C:\Users\chengbin\Desktop\PolyhedronGravity\PolyhedronGravity\Debug\body.obj
C:\Users\chengbin\Desktop\PolyhedronGravity\PolyhedronGravity\Debug\gravity.obj
C:\Users\chengbin\Desktop\PolyhedronGravity\PolyhedronGravity\Debug\kinematics.obj
C:\Users\chengbin\Desktop\PolyhedronGravity\PolyhedronGravity\Debug\main.obj
C:\Users\chengbin\Desktop\PolyhedronGravity\PolyhedronGravity\Debug\mat3d.obj
C:\Users\chengbin\Desktop\PolyhedronGravity\PolyhedronGravity\Debug\points.obj
C:\Users\chengbin\Desktop\PolyhedronGravity\PolyhedronGravity\Debug\cl.command.1.tlog
C:\Users\chengbin\Desktop\PolyhedronGravity\PolyhedronGravity\Debug\CL.read.1.tlog
C:\Users\chengbin\Desktop\PolyhedronGravity\PolyhedronGravity\Debug\CL.write.1.tlog
C:\Users\chengbin\Desktop\PolyhedronGravity\PolyhedronGravity\Debug\link-cvtres.read.1.tlog
C:\Users\chengbin\Desktop\PolyhedronGravity\PolyhedronGravity\Debug\link-cvtres.write.1.tlog
C:\Users\chengbin\Desktop\PolyhedronGravity\PolyhedronGravity\Debug\link-rc.read.1.tlog
C:\Users\chengbin\Desktop\PolyhedronGravity\PolyhedronGravity\Debug\link-rc.write.1.tlog
C:\Users\chengbin\Desktop\PolyhedronGravity\PolyhedronGravity\Debug\link.command.1.tlog
C:\Users\chengbin\Desktop\PolyhedronGravity\PolyhedronGravity\Debug\link.read.1.tlog
C:\Users\chengbin\Desktop\PolyhedronGravity\PolyhedronGravity\Debug\link.write.1.tlog
C:\Users\chengbin\Desktop\PolyhedronGravity\PolyhedronGravity\Debug\vc110.idb
C:\Users\chengbin\Desktop\PolyhedronGravity\PolyhedronGravity\Debug\vc110.pdb
C:\Users\chengbin\Desktop\PolyhedronGravity\Debug\PolyhedronGravity.pdb
C:\Users\chengbin\Desktop\PolyhedronGravity\Debug\PolyhedronGravity.exe
C:\Users\chengbin\Desktop\PolyhedronGravity\Debug\PolyhedronGravity.ilk
