C:\USERS\CHENGBIN\DESKTOP\POLYHEDRONGRAVITY\POLYHEDRONGRAVITY\RELEASE\POINTS.OBJ
C:\USERS\CHENGBIN\DESKTOP\POLYHEDRONGRAVITY\POLYHEDRONGRAVITY\RELEASE\MAT3D.OBJ
C:\USERS\CHENGBIN\DESKTOP\POLYHEDRONGRAVITY\POLYHEDRONGRAVITY\RELEASE\MAIN.OBJ
C:\USERS\CHENGBIN\DESKTOP\POLYHEDRONGRAVITY\POLYHEDRONGRAVITY\RELEASE\KINEMATICS.OBJ
C:\USERS\CHENGBIN\DESKTOP\POLYHEDRONGRAVITY\POLYHEDRONGRAVITY\RELEASE\GRAVITY.OBJ
C:\USERS\CHENGBIN\DESKTOP\POLYHEDRONGRAVITY\POLYHEDRONGRAVITY\RELEASE\BODY.OBJ
C:\USERS\CHENGBIN\DESKTOP\POLYHEDRONGRAVITY\POLYHEDRONGRAVITY\RELEASE\VC110.PDB
C:\USERS\CHENGBIN\DESKTOP\POLYHEDRONGRAVITY\RELEASE\POLYHEDRONGRAVITY.EXE
C:\USERS\CHENGBIN\DESKTOP\POLYHEDRONGRAVITY\RELEASE\POLYHEDRONGRAVITY.PDB
C:\Users\chengbin\Desktop\PolyhedronGravity\PolyhedronGravity\Release\body.obj
C:\Users\chengbin\Desktop\PolyhedronGravity\PolyhedronGravity\Release\gravity.obj
C:\Users\chengbin\Desktop\PolyhedronGravity\PolyhedronGravity\Release\kinematics.obj
C:\Users\chengbin\Desktop\PolyhedronGravity\PolyhedronGravity\Release\main.obj
C:\Users\chengbin\Desktop\PolyhedronGravity\PolyhedronGravity\Release\mat3d.obj
C:\Users\chengbin\Desktop\PolyhedronGravity\PolyhedronGravity\Release\points.obj
C:\Users\chengbin\Desktop\PolyhedronGravity\PolyhedronGravity\Release\cl.command.1.tlog
C:\Users\chengbin\Desktop\PolyhedronGravity\PolyhedronGravity\Release\CL.read.1.tlog
C:\Users\chengbin\Desktop\PolyhedronGravity\PolyhedronGravity\Release\CL.write.1.tlog
C:\Users\chengbin\Desktop\PolyhedronGravity\PolyhedronGravity\Release\link-cvtres.read.1.tlog
C:\Users\chengbin\Desktop\PolyhedronGravity\PolyhedronGravity\Release\link-cvtres.write.1.tlog
C:\Users\chengbin\Desktop\PolyhedronGravity\PolyhedronGravity\Release\link-rc.read.1.tlog
C:\Users\chengbin\Desktop\PolyhedronGravity\PolyhedronGravity\Release\link-rc.write.1.tlog
C:\Users\chengbin\Desktop\PolyhedronGravity\PolyhedronGravity\Release\link.command.1.tlog
C:\Users\chengbin\Desktop\PolyhedronGravity\PolyhedronGravity\Release\link.read.1.tlog
C:\Users\chengbin\Desktop\PolyhedronGravity\PolyhedronGravity\Release\link.write.1.tlog
C:\Users\chengbin\Desktop\PolyhedronGravity\PolyhedronGravity\Release\vc110.pdb
C:\Users\chengbin\Desktop\PolyhedronGravity\Release\PolyhedronGravity.pdb
C:\Users\chengbin\Desktop\PolyhedronGravity\Release\PolyhedronGravity.exe
